Using pre-set license
Built from '2021.3/staging' branch; Version is '2021.3.21f1 (1b156197d683) revision 1774945'; Using compiler version '192829333'; Build Type 'Release'
OS: 'Windows 11  (10.0.22621) 64bit Core' Language: 'ko' Physical Memory: 7932 MB
BatchMode: 1, IsHumanControllingUs: 0, StartBugReporterOnCrash: 0, Is64bit: 1, IsPro: 1

COMMAND LINE ARGUMENTS:
C:\Program Files\Unity\Hub\Editor\2021.3.21f1\Editor\Unity.exe
-adb2
-batchMode
-noUpm
-name
AssetImportWorker0
-projectPath
C:/Users/brian/MetaVerse
-logFile
Logs/AssetImportWorker0.log
-srvPort
50727
Successfully changed project path to: C:/Users/brian/MetaVerse
C:/Users/brian/MetaVerse
[UnityMemory] Configuration Parameters - Can be set up in boot.config
    "memorysetup-bucket-allocator-granularity=16"
    "memorysetup-bucket-allocator-bucket-count=8"
    "memorysetup-bucket-allocator-block-size=33554432"
    "memorysetup-bucket-allocator-block-count=8"
    "memorysetup-main-allocator-block-size=16777216"
    "memorysetup-thread-allocator-block-size=16777216"
    "memorysetup-gfx-main-allocator-block-size=16777216"
    "memorysetup-gfx-thread-allocator-block-size=16777216"
    "memorysetup-cache-allocator-block-size=4194304"
    "memorysetup-typetree-allocator-block-size=2097152"
    "memorysetup-profiler-bucket-allocator-granularity=16"
    "memorysetup-profiler-bucket-allocator-bucket-count=8"
    "memorysetup-profiler-bucket-allocator-block-size=33554432"
    "memorysetup-profiler-bucket-allocator-block-count=8"
    "memorysetup-profiler-allocator-block-size=16777216"
    "memorysetup-profiler-editor-allocator-block-size=1048576"
    "memorysetup-temp-allocator-size-main=16777216"
    "memorysetup-job-temp-allocator-block-size=2097152"
    "memorysetup-job-temp-allocator-block-size-background=1048576"
    "memorysetup-job-temp-allocator-reduction-small-platforms=262144"
    "memorysetup-temp-allocator-size-background-worker=32768"
    "memorysetup-temp-allocator-size-job-worker=262144"
    "memorysetup-temp-allocator-size-preload-manager=33554432"
    "memorysetup-temp-allocator-size-nav-mesh-worker=65536"
    "memorysetup-temp-allocator-size-audio-worker=65536"
    "memorysetup-temp-allocator-size-cloud-worker=32768"
    "memorysetup-temp-allocator-size-gi-baking-worker=262144"
    "memorysetup-temp-allocator-size-gfx=262144"
Player connection [20008] Host "[IP] 192.168.0.6 [Port] 0 [Flags] 2 [Guid] 3648975806 [EditorId] 3648975806 [Version] 1048832 [Id] WindowsEditor(7,boggie) [Debug] 1 [PackageName] WindowsEditor [ProjectName] Editor" joined multi-casting on [225.0.0.222:54997]...

Player connection [20008] Host "[IP] 192.168.0.6 [Port] 0 [Flags] 2 [Guid] 3648975806 [EditorId] 3648975806 [Version] 1048832 [Id] WindowsEditor(7,boggie) [Debug] 1 [PackageName] WindowsEditor [ProjectName] Editor" joined alternative multi-casting on [225.0.0.222:34997]...

Refreshing native plugins compatible for Editor in 129.04 ms, found 3 plugins.
Preloading 0 native plugins for Editor in 0.00 ms.
Initialize engine version: 2021.3.21f1 (1b156197d683)
[Subsystems] Discovering subsystems at path C:/Program Files/Unity/Hub/Editor/2021.3.21f1/Editor/Data/Resources/UnitySubsystems
[Subsystems] Discovering subsystems at path C:/Users/brian/MetaVerse/Assets
GfxDevice: creating device client; threaded=0; jobified=0
Direct3D:
    Version:  Direct3D 11.0 [level 11.1]
    Renderer: NVIDIA GeForce GTX 1650 Ti (ID=0x1f95)
    Vendor:   NVIDIA
    VRAM:     3964 MB
    Driver:   30.0.14.7199
Initialize mono
Mono path[0] = 'C:/Program Files/Unity/Hub/Editor/2021.3.21f1/Editor/Data/Managed'
Mono path[1] = 'C:/Program Files/Unity/Hub/Editor/2021.3.21f1/Editor/Data/MonoBleedingEdge/lib/mono/unityjit-win32'
Mono config path = 'C:/Program Files/Unity/Hub/Editor/2021.3.21f1/Editor/Data/MonoBleedingEdge/etc'
Using monoOptions --debugger-agent=transport=dt_socket,embedding=1,server=y,suspend=n,address=127.0.0.1:56172
Begin MonoManager ReloadAssembly
Registering precompiled unity dll's ...
Register platform support module: C:/Program Files/Unity/Hub/Editor/2021.3.21f1/Editor/Data/PlaybackEngines/WindowsStandaloneSupport/UnityEditor.WindowsStandalone.Extensions.dll
Registered in 0.005475 seconds.
Native extension for WindowsStandalone target not found
Refreshing native plugins compatible for Editor in 76.85 ms, found 3 plugins.
Preloading 0 native plugins for Editor in 0.00 ms.
Mono: successfully reloaded assembly
- Completed reload, in  0.662 seconds
Domain Reload Profiling:
	ReloadAssembly (662ms)
		BeginReloadAssembly (119ms)
			ExecutionOrderSort (0ms)
			DisableScriptedObjects (0ms)
			BackupInstance (0ms)
			ReleaseScriptingObjects (0ms)
			CreateAndSetChildDomain (1ms)
		EndReloadAssembly (445ms)
			LoadAssemblies (116ms)
			RebuildTransferFunctionScriptingTraits (0ms)
			SetupTypeCache (110ms)
			ReleaseScriptCaches (0ms)
			RebuildScriptCaches (27ms)
			SetupLoadedEditorAssemblies (258ms)
				LogAssemblyErrors (0ms)
				InitializePlatformSupportModulesInManaged (10ms)
				SetLoadedEditorAssemblies (0ms)
				RefreshPlugins (77ms)
				BeforeProcessingInitializeOnLoad (1ms)
				ProcessInitializeOnLoadAttributes (128ms)
				ProcessInitializeOnLoadMethodAttributes (42ms)
				AfterProcessingInitializeOnLoad (0ms)
				EditorAssembliesLoaded (0ms)
			ExecutionOrderSort2 (0ms)
			AwakeInstancesAfterBackupRestoration (0ms)
Platform modules already initialized, skipping
Registering precompiled user dll's ...
Registered in 0.005646 seconds.
Begin MonoManager ReloadAssembly
Symbol file LoadedFromMemory doesn't match image C:\Users\brian\MetaVerse\Library\PackageCache\com.unity.visualscripting@1.8.0\Editor\VisualScripting.Core\Dependencies\YamlDotNet\Unity.VisualScripting.YamlDotNet.dll
Symbol file LoadedFromMemory doesn't match image C:\Users\brian\MetaVerse\Library\PackageCache\com.unity.visualscripting@1.8.0\Editor\VisualScripting.Core\Dependencies\DotNetZip\Unity.VisualScripting.IonicZip.dll
Native extension for WindowsStandalone target not found
Refreshing native plugins compatible for Editor in 0.49 ms, found 3 plugins.
Preloading 0 native plugins for Editor in 0.00 ms.
Mono: successfully reloaded assembly
- Completed reload, in  1.102 seconds
Domain Reload Profiling:
	ReloadAssembly (1103ms)
		BeginReloadAssembly (142ms)
			ExecutionOrderSort (0ms)
			DisableScriptedObjects (7ms)
			BackupInstance (0ms)
			ReleaseScriptingObjects (0ms)
			CreateAndSetChildDomain (18ms)
		EndReloadAssembly (842ms)
			LoadAssemblies (126ms)
			RebuildTransferFunctionScriptingTraits (0ms)
			SetupTypeCache (270ms)
			ReleaseScriptCaches (1ms)
			RebuildScriptCaches (51ms)
			SetupLoadedEditorAssemblies (382ms)
				LogAssemblyErrors (0ms)
				InitializePlatformSupportModulesInManaged (5ms)
				SetLoadedEditorAssemblies (0ms)
				RefreshPlugins (1ms)
				BeforeProcessingInitializeOnLoad (91ms)
				ProcessInitializeOnLoadAttributes (259ms)
				ProcessInitializeOnLoadMethodAttributes (20ms)
				AfterProcessingInitializeOnLoad (6ms)
				EditorAssembliesLoaded (0ms)
			ExecutionOrderSort2 (0ms)
			AwakeInstancesAfterBackupRestoration (6ms)
Platform modules already initialized, skipping
========================================================================
Worker process is ready to serve import requests
Launched and connected shader compiler UnityShaderCompiler.exe after 0.05 seconds
Refreshing native plugins compatible for Editor in 1.04 ms, found 3 plugins.
Preloading 0 native plugins for Editor in 0.00 ms.
Unloading 3048 Unused Serialized files (Serialized files now loaded: 0)
Unloading 24 unused Assets / (113.8 KB). Loaded Objects now: 3526.
Memory consumption went from 120.3 MB to 120.2 MB.
Total: 4.162100 ms (FindLiveObjects: 0.578700 ms CreateObjectMapping: 0.279600 ms MarkObjects: 3.112100 ms  DeleteObjects: 0.189300 ms)

AssetImportParameters requested are different than current active one (requested -> active):
  custom:video-decoder-ogg-theora: a1e56fd34408186e4bbccfd4996cb3dc -> 
  custom:container-muxer-webm: aa71ff27fc2769a1b78a27578f13a17b -> 
  custom:container-demuxer-webm: 4f35f7cbe854078d1ac9338744f61a02 -> 
  custom:video-encoder-webm-vp8: eb34c28f22e8b96e1ab97ce403110664 -> 
  custom:audio-encoder-webm-vorbis: bf7c407c2cedff20999df2af8eb42d56 -> 
  custom:framework-win-MediaFoundation: 216162199b28c13a410421893ffa2e32 -> 
  custom:container-demuxer-ogg: 62fdf1f143b41e24485cea50d1cbac27 -> 
  custom:video-decoder-webm-vp8: 9c59270c3fd7afecdb556c50c9e8de78 -> 
  custom:audio-decoder-ogg-vorbis: bf7c407c2cedff20999df2af8eb42d56 -> 
========================================================================
Received Import Request.
  Time since last request: 309706.453047 seconds.
  path: Assets/Low_Poly_Mini_Village/Prefabs/Road_sign1.prefab
  artifactKey: Guid(41093631723a72d42bccc0b698461fd2) Importer(815301076,1909f56bfc062723c751e8b465ee728b)
Start importing Assets/Low_Poly_Mini_Village/Prefabs/Road_sign1.prefab using Guid(41093631723a72d42bccc0b698461fd2) Importer(815301076,1909f56bfc062723c751e8b465ee728b)  -> (artifact id: '7adeb8815c25987b258ca83084971c69') in 0.280622 seconds 
========================================================================
Received Import Request.
  Time since last request: 0.000030 seconds.
  path: Assets/Low_Poly_Mini_Village/Prefabs/Water.prefab
  artifactKey: Guid(bc131e0c7707c8e4d8099dd0b1451179) Importer(815301076,1909f56bfc062723c751e8b465ee728b)
Start importing Assets/Low_Poly_Mini_Village/Prefabs/Water.prefab using Guid(bc131e0c7707c8e4d8099dd0b1451179) Importer(815301076,1909f56bfc062723c751e8b465ee728b)  -> (artifact id: '294712616f20d539078a8fcdd3121ab2') in 0.117093 seconds 
========================================================================
Received Import Request.
  Time since last request: 0.000045 seconds.
  path: Assets/Low_Poly_Mini_Village/Prefabs/Base.prefab
  artifactKey: Guid(bef79636abe053d4d9a4757b4466bfe9) Importer(815301076,1909f56bfc062723c751e8b465ee728b)
Start importing Assets/Low_Poly_Mini_Village/Prefabs/Base.prefab using Guid(bef79636abe053d4d9a4757b4466bfe9) Importer(815301076,1909f56bfc062723c751e8b465ee728b)  -> (artifact id: 'c98a4637fe35dc6d0cedf83160d884fd') in 0.023815 seconds 
========================================================================
Received Import Request.
  Time since last request: 0.000039 seconds.
  path: Assets/Low_Poly_Mini_Village/Prefabs/Tree_1.prefab
  artifactKey: Guid(2f88bb42a1ce0c043834b471617d3b2a) Importer(815301076,1909f56bfc062723c751e8b465ee728b)
Start importing Assets/Low_Poly_Mini_Village/Prefabs/Tree_1.prefab using Guid(2f88bb42a1ce0c043834b471617d3b2a) Importer(815301076,1909f56bfc062723c751e8b465ee728b)  -> (artifact id: '6257cbaa62ac27db11d1fa91db6e24ab') in 0.022665 seconds 
========================================================================
Received Import Request.
  Time since last request: 0.000023 seconds.
  path: Assets/Low_Poly_Mini_Village/Prefabs/Well1.prefab
  artifactKey: Guid(5e9761041a6b5b647a3b3b0d79c4ad68) Importer(815301076,1909f56bfc062723c751e8b465ee728b)
Start importing Assets/Low_Poly_Mini_Village/Prefabs/Well1.prefab using Guid(5e9761041a6b5b647a3b3b0d79c4ad68) Importer(815301076,1909f56bfc062723c751e8b465ee728b)  -> (artifact id: 'cc348e51f8cbc21bef0de721c6098529') in 0.023561 seconds 
========================================================================
Received Import Request.
  Time since last request: 0.000021 seconds.
  path: Assets/Low_Poly_Mini_Village/Prefabs/House_2.prefab
  artifactKey: Guid(3d7ed3a31ab8f79448604ec3148d300c) Importer(815301076,1909f56bfc062723c751e8b465ee728b)
Start importing Assets/Low_Poly_Mini_Village/Prefabs/House_2.prefab using Guid(3d7ed3a31ab8f79448604ec3148d300c) Importer(815301076,1909f56bfc062723c751e8b465ee728b)  -> (artifact id: '24f5dc7666959d85dc27db9472e19194') in 0.022101 seconds 
========================================================================
Received Import Request.
  Time since last request: 0.000026 seconds.
  path: Assets/Low_Poly_Mini_Village/Prefabs/Wc.prefab
  artifactKey: Guid(943133367053d9145a4401c02bf5f914) Importer(815301076,1909f56bfc062723c751e8b465ee728b)
Start importing Assets/Low_Poly_Mini_Village/Prefabs/Wc.prefab using Guid(943133367053d9145a4401c02bf5f914) Importer(815301076,1909f56bfc062723c751e8b465ee728b)  -> (artifact id: '4c941858326c9f2820cf40482e718ebe') in 0.016763 seconds 
========================================================================
Received Import Request.
  Time since last request: 0.000020 seconds.
  path: Assets/Low_Poly_Mini_Village/Prefabs/Tree_4.prefab
  artifactKey: Guid(122cf8bf4f49e3842ae0fce025b4bd02) Importer(815301076,1909f56bfc062723c751e8b465ee728b)
Start importing Assets/Low_Poly_Mini_Village/Prefabs/Tree_4.prefab using Guid(122cf8bf4f49e3842ae0fce025b4bd02) Importer(815301076,1909f56bfc062723c751e8b465ee728b)  -> (artifact id: '58d22a72c0b7f9ecfe783b5c381d697a') in 0.022922 seconds 
========================================================================
Received Import Request.
  Time since last request: 0.000031 seconds.
  path: Assets/Low_Poly_Mini_Village/Prefabs/Rock_2.prefab
  artifactKey: Guid(7bf62b0bc39558d48807aa176c485b64) Importer(815301076,1909f56bfc062723c751e8b465ee728b)
Start importing Assets/Low_Poly_Mini_Village/Prefabs/Rock_2.prefab using Guid(7bf62b0bc39558d48807aa176c485b64) Importer(815301076,1909f56bfc062723c751e8b465ee728b)  -> (artifact id: '0114c297623b0230b0dde5e2b454de1c') in 0.021905 seconds 
========================================================================
Received Import Request.
  Time since last request: 0.000033 seconds.
  path: Assets/Low_Poly_Mini_Village
  artifactKey: Guid(21a54e685e856bb4681fb81bad9a254d) Importer(815301076,1909f56bfc062723c751e8b465ee728b)
Start importing Assets/Low_Poly_Mini_Village using Guid(21a54e685e856bb4681fb81bad9a254d) Importer(815301076,1909f56bfc062723c751e8b465ee728b)  -> (artifact id: '11c73b21467d923bbc09d9a942458a59') in 0.010937 seconds 
========================================================================
Received Import Request.
  Time since last request: 0.000030 seconds.
  path: Assets/Low_Poly_Mini_Village/Prefabs/Electric_cable.prefab
  artifactKey: Guid(0dbda4ea70ba28549b5c445249486cf5) Importer(815301076,1909f56bfc062723c751e8b465ee728b)
Start importing Assets/Low_Poly_Mini_Village/Prefabs/Electric_cable.prefab using Guid(0dbda4ea70ba28549b5c445249486cf5) Importer(815301076,1909f56bfc062723c751e8b465ee728b)  -> (artifact id: '64338498c42be8494ceba4e0b40b0624') in 0.028920 seconds 
========================================================================
Received Import Request.
  Time since last request: 0.000027 seconds.
  path: Assets/Low_Poly_Mini_Village/Prefabs/Wooden_barrel.prefab
  artifactKey: Guid(c230cf9ffea1ef74b9eca483ad69d225) Importer(815301076,1909f56bfc062723c751e8b465ee728b)
Start importing Assets/Low_Poly_Mini_Village/Prefabs/Wooden_barrel.prefab using Guid(c230cf9ffea1ef74b9eca483ad69d225) Importer(815301076,1909f56bfc062723c751e8b465ee728b)  -> (artifact id: '744e82380e20b9307dbf847c55822692') in 0.039911 seconds 
========================================================================
Received Import Request.
  Time since last request: 0.000036 seconds.
  path: Assets/Low_Poly_Mini_Village/Prefabs/Church_1.prefab
  artifactKey: Guid(fec05b3694b2ffb4da8dc2a3fbcd8256) Importer(815301076,1909f56bfc062723c751e8b465ee728b)
Start importing Assets/Low_Poly_Mini_Village/Prefabs/Church_1.prefab using Guid(fec05b3694b2ffb4da8dc2a3fbcd8256) Importer(815301076,1909f56bfc062723c751e8b465ee728b)  -> (artifact id: '0559dbacc983d3cfff624e64f3122a86') in 0.031392 seconds 
========================================================================
Received Import Request.
  Time since last request: 0.000025 seconds.
  path: Assets/Low_Poly_Mini_Village/Prefabs/Rock_3.prefab
  artifactKey: Guid(ffc545d554bc78c4f9ee506149e450b4) Importer(815301076,1909f56bfc062723c751e8b465ee728b)
Start importing Assets/Low_Poly_Mini_Village/Prefabs/Rock_3.prefab using Guid(ffc545d554bc78c4f9ee506149e450b4) Importer(815301076,1909f56bfc062723c751e8b465ee728b)  -> (artifact id: 'b03c5d905dcbef0573be363e6c68e86c') in 0.017111 seconds 
========================================================================
Received Import Request.
  Time since last request: 0.000027 seconds.
  path: Assets/Low_Poly_Mini_Village/Prefabs/House_1.prefab
  artifactKey: Guid(2030e0fa2aadfed4b9f99149cab54c72) Importer(815301076,1909f56bfc062723c751e8b465ee728b)
Start importing Assets/Low_Poly_Mini_Village/Prefabs/House_1.prefab using Guid(2030e0fa2aadfed4b9f99149cab54c72) Importer(815301076,1909f56bfc062723c751e8b465ee728b)  -> (artifact id: 'ec09ffe5474c3a72cd59ca7c4c94214a') in 0.015750 seconds 
========================================================================
Received Import Request.
  Time since last request: 0.000037 seconds.
  path: Assets/Low_Poly_Mini_Village/Prefabs/Rock_1.prefab
  artifactKey: Guid(3a0a30c4014e71342ae79edf0a0e737a) Importer(815301076,1909f56bfc062723c751e8b465ee728b)
Start importing Assets/Low_Poly_Mini_Village/Prefabs/Rock_1.prefab using Guid(3a0a30c4014e71342ae79edf0a0e737a) Importer(815301076,1909f56bfc062723c751e8b465ee728b)  -> (artifact id: 'ba7e1e1611dce46b1cd1b005fc55feb0') in 0.014068 seconds 
========================================================================
Received Import Request.
  Time since last request: 930.068545 seconds.
  path: Assets/sun.cs
  artifactKey: Guid(2e0187b03167a834d94de1c808302244) Importer(815301076,1909f56bfc062723c751e8b465ee728b)
Start importing Assets/sun.cs using Guid(2e0187b03167a834d94de1c808302244) Importer(815301076,1909f56bfc062723c751e8b465ee728b)  -> (artifact id: 'df2160fbfd717d9a962d3f9cbf0dbbda') in 0.018149 seconds 
========================================================================
Received Prepare
Registering precompiled user dll's ...
Registered in 0.005480 seconds.
Begin MonoManager ReloadAssembly
Symbol file LoadedFromMemory doesn't match image C:\Users\brian\MetaVerse\Library\PackageCache\com.unity.visualscripting@1.8.0\Editor\VisualScripting.Core\Dependencies\YamlDotNet\Unity.VisualScripting.YamlDotNet.dll
Symbol file LoadedFromMemory doesn't match image C:\Users\brian\MetaVerse\Library\PackageCache\com.unity.visualscripting@1.8.0\Editor\VisualScripting.Core\Dependencies\DotNetZip\Unity.VisualScripting.IonicZip.dll
Native extension for WindowsStandalone target not found
Refreshing native plugins compatible for Editor in 0.56 ms, found 3 plugins.
Preloading 0 native plugins for Editor in 0.00 ms.
Mono: successfully reloaded assembly
- Completed reload, in  0.973 seconds
Domain Reload Profiling:
	ReloadAssembly (974ms)
		BeginReloadAssembly (166ms)
			ExecutionOrderSort (0ms)
			DisableScriptedObjects (6ms)
			BackupInstance (0ms)
			ReleaseScriptingObjects (0ms)
			CreateAndSetChildDomain (45ms)
		EndReloadAssembly (693ms)
			LoadAssemblies (105ms)
			RebuildTransferFunctionScriptingTraits (0ms)
			SetupTypeCache (265ms)
			ReleaseScriptCaches (1ms)
			RebuildScriptCaches (43ms)
			SetupLoadedEditorAssemblies (264ms)
				LogAssemblyErrors (0ms)
				InitializePlatformSupportModulesInManaged (5ms)
				SetLoadedEditorAssemblies (0ms)
				RefreshPlugins (1ms)
				BeforeProcessingInitializeOnLoad (56ms)
				ProcessInitializeOnLoadAttributes (179ms)
				ProcessInitializeOnLoadMethodAttributes (16ms)
				AfterProcessingInitializeOnLoad (7ms)
				EditorAssembliesLoaded (0ms)
			ExecutionOrderSort2 (0ms)
			AwakeInstancesAfterBackupRestoration (5ms)
Platform modules already initialized, skipping
Refreshing native plugins compatible for Editor in 2.55 ms, found 3 plugins.
Preloading 0 native plugins for Editor in 0.00 ms.
Unloading 3043 Unused Serialized files (Serialized files now loaded: 0)
Unloading 17 unused Assets / (80.3 KB). Loaded Objects now: 3541.
Memory consumption went from 125.4 MB to 125.3 MB.
Total: 6.311600 ms (FindLiveObjects: 0.377500 ms CreateObjectMapping: 0.275500 ms MarkObjects: 5.517300 ms  DeleteObjects: 0.139300 ms)

AssetImportParameters requested are different than current active one (requested -> active):
  custom:video-decoder-ogg-theora: a1e56fd34408186e4bbccfd4996cb3dc -> 
  custom:container-muxer-webm: aa71ff27fc2769a1b78a27578f13a17b -> 
  custom:container-demuxer-webm: 4f35f7cbe854078d1ac9338744f61a02 -> 
  custom:video-encoder-webm-vp8: eb34c28f22e8b96e1ab97ce403110664 -> 
  custom:audio-encoder-webm-vorbis: bf7c407c2cedff20999df2af8eb42d56 -> 
  custom:framework-win-MediaFoundation: 216162199b28c13a410421893ffa2e32 -> 
  custom:container-demuxer-ogg: 62fdf1f143b41e24485cea50d1cbac27 -> 
  custom:video-decoder-webm-vp8: 9c59270c3fd7afecdb556c50c9e8de78 -> 
  custom:audio-decoder-ogg-vorbis: bf7c407c2cedff20999df2af8eb42d56 -> 
========================================================================
Received Prepare
Registering precompiled user dll's ...
Registered in 0.006486 seconds.
Begin MonoManager ReloadAssembly
Symbol file LoadedFromMemory doesn't match image C:\Users\brian\MetaVerse\Library\PackageCache\com.unity.visualscripting@1.8.0\Editor\VisualScripting.Core\Dependencies\YamlDotNet\Unity.VisualScripting.YamlDotNet.dll
Symbol file LoadedFromMemory doesn't match image C:\Users\brian\MetaVerse\Library\PackageCache\com.unity.visualscripting@1.8.0\Editor\VisualScripting.Core\Dependencies\DotNetZip\Unity.VisualScripting.IonicZip.dll
Native extension for WindowsStandalone target not found
Refreshing native plugins compatible for Editor in 1.05 ms, found 3 plugins.
Preloading 0 native plugins for Editor in 0.00 ms.
Mono: successfully reloaded assembly
- Completed reload, in  1.171 seconds
Domain Reload Profiling:
	ReloadAssembly (1173ms)
		BeginReloadAssembly (305ms)
			ExecutionOrderSort (0ms)
			DisableScriptedObjects (12ms)
			BackupInstance (0ms)
			ReleaseScriptingObjects (0ms)
			CreateAndSetChildDomain (114ms)
		EndReloadAssembly (767ms)
			LoadAssemblies (125ms)
			RebuildTransferFunctionScriptingTraits (0ms)
			SetupTypeCache (266ms)
			ReleaseScriptCaches (2ms)
			RebuildScriptCaches (51ms)
			SetupLoadedEditorAssemblies (309ms)
				LogAssemblyErrors (0ms)
				InitializePlatformSupportModulesInManaged (7ms)
				SetLoadedEditorAssemblies (1ms)
				RefreshPlugins (1ms)
				BeforeProcessingInitializeOnLoad (73ms)
				ProcessInitializeOnLoadAttributes (198ms)
				ProcessInitializeOnLoadMethodAttributes (22ms)
				AfterProcessingInitializeOnLoad (8ms)
				EditorAssembliesLoaded (0ms)
			ExecutionOrderSort2 (0ms)
			AwakeInstancesAfterBackupRestoration (7ms)
Platform modules already initialized, skipping
Refreshing native plugins compatible for Editor in 3.24 ms, found 3 plugins.
Preloading 0 native plugins for Editor in 0.00 ms.
Unloading 3043 Unused Serialized files (Serialized files now loaded: 0)
Unloading 17 unused Assets / (80.4 KB). Loaded Objects now: 3544.
Memory consumption went from 125.4 MB to 125.3 MB.
Total: 4.483800 ms (FindLiveObjects: 0.385400 ms CreateObjectMapping: 0.537600 ms MarkObjects: 3.354800 ms  DeleteObjects: 0.204200 ms)

AssetImportParameters requested are different than current active one (requested -> active):
  custom:video-decoder-ogg-theora: a1e56fd34408186e4bbccfd4996cb3dc -> 
  custom:container-muxer-webm: aa71ff27fc2769a1b78a27578f13a17b -> 
  custom:container-demuxer-webm: 4f35f7cbe854078d1ac9338744f61a02 -> 
  custom:video-encoder-webm-vp8: eb34c28f22e8b96e1ab97ce403110664 -> 
  custom:audio-encoder-webm-vorbis: bf7c407c2cedff20999df2af8eb42d56 -> 
  custom:framework-win-MediaFoundation: 216162199b28c13a410421893ffa2e32 -> 
  custom:container-demuxer-ogg: 62fdf1f143b41e24485cea50d1cbac27 -> 
  custom:video-decoder-webm-vp8: 9c59270c3fd7afecdb556c50c9e8de78 -> 
  custom:audio-decoder-ogg-vorbis: bf7c407c2cedff20999df2af8eb42d56 -> 
========================================================================
Received Import Request.
  Time since last request: 1624.094634 seconds.
  path: Assets/sun.cs
  artifactKey: Guid(2e0187b03167a834d94de1c808302244) Importer(815301076,1909f56bfc062723c751e8b465ee728b)
Start importing Assets/sun.cs using Guid(2e0187b03167a834d94de1c808302244) Importer(815301076,1909f56bfc062723c751e8b465ee728b)  -> (artifact id: '3af4b60abb6c83fb387c9d01199bd4ba') in 0.041379 seconds 
========================================================================
Received Prepare
Registering precompiled user dll's ...
Registered in 0.007032 seconds.
Begin MonoManager ReloadAssembly
Symbol file LoadedFromMemory doesn't match image C:\Users\brian\MetaVerse\Library\PackageCache\com.unity.visualscripting@1.8.0\Editor\VisualScripting.Core\Dependencies\YamlDotNet\Unity.VisualScripting.YamlDotNet.dll
Symbol file LoadedFromMemory doesn't match image C:\Users\brian\MetaVerse\Library\PackageCache\com.unity.visualscripting@1.8.0\Editor\VisualScripting.Core\Dependencies\DotNetZip\Unity.VisualScripting.IonicZip.dll
Native extension for WindowsStandalone target not found
Refreshing native plugins compatible for Editor in 0.54 ms, found 3 plugins.
Preloading 0 native plugins for Editor in 0.00 ms.
Mono: successfully reloaded assembly
- Completed reload, in  1.388 seconds
Domain Reload Profiling:
	ReloadAssembly (1389ms)
		BeginReloadAssembly (169ms)
			ExecutionOrderSort (0ms)
			DisableScriptedObjects (7ms)
			BackupInstance (0ms)
			ReleaseScriptingObjects (0ms)
			CreateAndSetChildDomain (43ms)
		EndReloadAssembly (1090ms)
			LoadAssemblies (114ms)
			RebuildTransferFunctionScriptingTraits (0ms)
			SetupTypeCache (445ms)
			ReleaseScriptCaches (3ms)
			RebuildScriptCaches (81ms)
			SetupLoadedEditorAssemblies (386ms)
				LogAssemblyErrors (0ms)
				InitializePlatformSupportModulesInManaged (9ms)
				SetLoadedEditorAssemblies (1ms)
				RefreshPlugins (1ms)
				BeforeProcessingInitializeOnLoad (87ms)
				ProcessInitializeOnLoadAttributes (255ms)
				ProcessInitializeOnLoadMethodAttributes (24ms)
				AfterProcessingInitializeOnLoad (9ms)
				EditorAssembliesLoaded (0ms)
			ExecutionOrderSort2 (0ms)
			AwakeInstancesAfterBackupRestoration (8ms)
Platform modules already initialized, skipping
Refreshing native plugins compatible for Editor in 3.30 ms, found 3 plugins.
Preloading 0 native plugins for Editor in 0.00 ms.
Unloading 3043 Unused Serialized files (Serialized files now loaded: 0)
Unloading 17 unused Assets / (80.3 KB). Loaded Objects now: 3547.
Memory consumption went from 125.4 MB to 125.3 MB.
Total: 3.563900 ms (FindLiveObjects: 0.324100 ms CreateObjectMapping: 0.427500 ms MarkObjects: 2.696200 ms  DeleteObjects: 0.114700 ms)

AssetImportParameters requested are different than current active one (requested -> active):
  custom:video-decoder-ogg-theora: a1e56fd34408186e4bbccfd4996cb3dc -> 
  custom:container-muxer-webm: aa71ff27fc2769a1b78a27578f13a17b -> 
  custom:container-demuxer-webm: 4f35f7cbe854078d1ac9338744f61a02 -> 
  custom:video-encoder-webm-vp8: eb34c28f22e8b96e1ab97ce403110664 -> 
  custom:audio-encoder-webm-vorbis: bf7c407c2cedff20999df2af8eb42d56 -> 
  custom:framework-win-MediaFoundation: 216162199b28c13a410421893ffa2e32 -> 
  custom:container-demuxer-ogg: 62fdf1f143b41e24485cea50d1cbac27 -> 
  custom:video-decoder-webm-vp8: 9c59270c3fd7afecdb556c50c9e8de78 -> 
  custom:audio-decoder-ogg-vorbis: bf7c407c2cedff20999df2af8eb42d56 -> 
========================================================================
Received Prepare
Registering precompiled user dll's ...
Registered in 0.008398 seconds.
Begin MonoManager ReloadAssembly
Symbol file LoadedFromMemory doesn't match image C:\Users\brian\MetaVerse\Library\PackageCache\com.unity.visualscripting@1.8.0\Editor\VisualScripting.Core\Dependencies\YamlDotNet\Unity.VisualScripting.YamlDotNet.dll
Symbol file LoadedFromMemory doesn't match image C:\Users\brian\MetaVerse\Library\PackageCache\com.unity.visualscripting@1.8.0\Editor\VisualScripting.Core\Dependencies\DotNetZip\Unity.VisualScripting.IonicZip.dll
Native extension for WindowsStandalone target not found
Refreshing native plugins compatible for Editor in 0.49 ms, found 3 plugins.
Preloading 0 native plugins for Editor in 0.00 ms.
Mono: successfully reloaded assembly
- Completed reload, in  1.091 seconds
Domain Reload Profiling:
	ReloadAssembly (1091ms)
		BeginReloadAssembly (219ms)
			ExecutionOrderSort (0ms)
			DisableScriptedObjects (7ms)
			BackupInstance (0ms)
			ReleaseScriptingObjects (0ms)
			CreateAndSetChildDomain (57ms)
		EndReloadAssembly (755ms)
			LoadAssemblies (139ms)
			RebuildTransferFunctionScriptingTraits (0ms)
			SetupTypeCache (293ms)
			ReleaseScriptCaches (2ms)
			RebuildScriptCaches (39ms)
			SetupLoadedEditorAssemblies (295ms)
				LogAssemblyErrors (0ms)
				InitializePlatformSupportModulesInManaged (5ms)
				SetLoadedEditorAssemblies (0ms)
				RefreshPlugins (1ms)
				BeforeProcessingInitializeOnLoad (60ms)
				ProcessInitializeOnLoadAttributes (203ms)
				ProcessInitializeOnLoadMethodAttributes (18ms)
				AfterProcessingInitializeOnLoad (8ms)
				EditorAssembliesLoaded (0ms)
			ExecutionOrderSort2 (0ms)
			AwakeInstancesAfterBackupRestoration (7ms)
Platform modules already initialized, skipping
Refreshing native plugins compatible for Editor in 2.45 ms, found 3 plugins.
Preloading 0 native plugins for Editor in 0.00 ms.
Unloading 3043 Unused Serialized files (Serialized files now loaded: 0)
Unloading 17 unused Assets / (80.5 KB). Loaded Objects now: 3550.
Memory consumption went from 125.4 MB to 125.3 MB.
Total: 3.245000 ms (FindLiveObjects: 0.319500 ms CreateObjectMapping: 0.122700 ms MarkObjects: 2.657300 ms  DeleteObjects: 0.143500 ms)

AssetImportParameters requested are different than current active one (requested -> active):
  custom:video-decoder-ogg-theora: a1e56fd34408186e4bbccfd4996cb3dc -> 
  custom:container-muxer-webm: aa71ff27fc2769a1b78a27578f13a17b -> 
  custom:container-demuxer-webm: 4f35f7cbe854078d1ac9338744f61a02 -> 
  custom:video-encoder-webm-vp8: eb34c28f22e8b96e1ab97ce403110664 -> 
  custom:audio-encoder-webm-vorbis: bf7c407c2cedff20999df2af8eb42d56 -> 
  custom:framework-win-MediaFoundation: 216162199b28c13a410421893ffa2e32 -> 
  custom:container-demuxer-ogg: 62fdf1f143b41e24485cea50d1cbac27 -> 
  custom:video-decoder-webm-vp8: 9c59270c3fd7afecdb556c50c9e8de78 -> 
  custom:audio-decoder-ogg-vorbis: bf7c407c2cedff20999df2af8eb42d56 -> 
========================================================================
Received Prepare
Registering precompiled user dll's ...
Registered in 0.004871 seconds.
Begin MonoManager ReloadAssembly
Symbol file LoadedFromMemory doesn't match image C:\Users\brian\MetaVerse\Library\PackageCache\com.unity.visualscripting@1.8.0\Editor\VisualScripting.Core\Dependencies\YamlDotNet\Unity.VisualScripting.YamlDotNet.dll
Symbol file LoadedFromMemory doesn't match image C:\Users\brian\MetaVerse\Library\PackageCache\com.unity.visualscripting@1.8.0\Editor\VisualScripting.Core\Dependencies\DotNetZip\Unity.VisualScripting.IonicZip.dll
Native extension for WindowsStandalone target not found
Refreshing native plugins compatible for Editor in 0.84 ms, found 3 plugins.
Preloading 0 native plugins for Editor in 0.00 ms.
Mono: successfully reloaded assembly
- Completed reload, in  1.413 seconds
Domain Reload Profiling:
	ReloadAssembly (1414ms)
		BeginReloadAssembly (207ms)
			ExecutionOrderSort (0ms)
			DisableScriptedObjects (8ms)
			BackupInstance (0ms)
			ReleaseScriptingObjects (0ms)
			CreateAndSetChildDomain (54ms)
		EndReloadAssembly (1069ms)
			LoadAssemblies (137ms)
			RebuildTransferFunctionScriptingTraits (0ms)
			SetupTypeCache (409ms)
			ReleaseScriptCaches (3ms)
			RebuildScriptCaches (65ms)
			SetupLoadedEditorAssemblies (414ms)
				LogAssemblyErrors (0ms)
				InitializePlatformSupportModulesInManaged (8ms)
				SetLoadedEditorAssemblies (1ms)
				RefreshPlugins (1ms)
				BeforeProcessingInitializeOnLoad (87ms)
				ProcessInitializeOnLoadAttributes (283ms)
				ProcessInitializeOnLoadMethodAttributes (25ms)
				AfterProcessingInitializeOnLoad (8ms)
				EditorAssembliesLoaded (0ms)
			ExecutionOrderSort2 (0ms)
			AwakeInstancesAfterBackupRestoration (9ms)
Platform modules already initialized, skipping
Refreshing native plugins compatible for Editor in 2.56 ms, found 3 plugins.
Preloading 0 native plugins for Editor in 0.00 ms.
Unloading 3043 Unused Serialized files (Serialized files now loaded: 0)
Unloading 17 unused Assets / (80.4 KB). Loaded Objects now: 3553.
Memory consumption went from 125.4 MB to 125.3 MB.
Total: 4.125700 ms (FindLiveObjects: 0.446400 ms CreateObjectMapping: 0.375700 ms MarkObjects: 3.186800 ms  DeleteObjects: 0.115500 ms)

AssetImportParameters requested are different than current active one (requested -> active):
  custom:video-decoder-ogg-theora: a1e56fd34408186e4bbccfd4996cb3dc -> 
  custom:container-muxer-webm: aa71ff27fc2769a1b78a27578f13a17b -> 
  custom:container-demuxer-webm: 4f35f7cbe854078d1ac9338744f61a02 -> 
  custom:video-encoder-webm-vp8: eb34c28f22e8b96e1ab97ce403110664 -> 
  custom:audio-encoder-webm-vorbis: bf7c407c2cedff20999df2af8eb42d56 -> 
  custom:framework-win-MediaFoundation: 216162199b28c13a410421893ffa2e32 -> 
  custom:container-demuxer-ogg: 62fdf1f143b41e24485cea50d1cbac27 -> 
  custom:video-decoder-webm-vp8: 9c59270c3fd7afecdb556c50c9e8de78 -> 
  custom:audio-decoder-ogg-vorbis: bf7c407c2cedff20999df2af8eb42d56 -> 
========================================================================
Received Prepare
Registering precompiled user dll's ...
Registered in 0.008080 seconds.
Begin MonoManager ReloadAssembly
Symbol file LoadedFromMemory doesn't match image C:\Users\brian\MetaVerse\Library\PackageCache\com.unity.visualscripting@1.8.0\Editor\VisualScripting.Core\Dependencies\YamlDotNet\Unity.VisualScripting.YamlDotNet.dll
Symbol file LoadedFromMemory doesn't match image C:\Users\brian\MetaVerse\Library\PackageCache\com.unity.visualscripting@1.8.0\Editor\VisualScripting.Core\Dependencies\DotNetZip\Unity.VisualScripting.IonicZip.dll
Native extension for WindowsStandalone target not found
Refreshing native plugins compatible for Editor in 1.17 ms, found 3 plugins.
Preloading 0 native plugins for Editor in 0.00 ms.
Mono: successfully reloaded assembly
- Completed reload, in  1.511 seconds
Domain Reload Profiling:
	ReloadAssembly (1512ms)
		BeginReloadAssembly (153ms)
			ExecutionOrderSort (0ms)
			DisableScriptedObjects (6ms)
			BackupInstance (0ms)
			ReleaseScriptingObjects (0ms)
			CreateAndSetChildDomain (41ms)
		EndReloadAssembly (1227ms)
			LoadAssemblies (103ms)
			RebuildTransferFunctionScriptingTraits (0ms)
			SetupTypeCache (514ms)
			ReleaseScriptCaches (3ms)
			RebuildScriptCaches (73ms)
			SetupLoadedEditorAssemblies (438ms)
				LogAssemblyErrors (0ms)
				InitializePlatformSupportModulesInManaged (11ms)
				SetLoadedEditorAssemblies (0ms)
				RefreshPlugins (1ms)
				BeforeProcessingInitializeOnLoad (90ms)
				ProcessInitializeOnLoadAttributes (296ms)
				ProcessInitializeOnLoadMethodAttributes (28ms)
				AfterProcessingInitializeOnLoad (11ms)
				EditorAssembliesLoaded (0ms)
			ExecutionOrderSort2 (0ms)
			AwakeInstancesAfterBackupRestoration (9ms)
Platform modules already initialized, skipping
Refreshing native plugins compatible for Editor in 4.67 ms, found 3 plugins.
Preloading 0 native plugins for Editor in 0.00 ms.
Unloading 3043 Unused Serialized files (Serialized files now loaded: 0)
Unloading 17 unused Assets / (80.5 KB). Loaded Objects now: 3556.
Memory consumption went from 125.4 MB to 125.3 MB.
Total: 4.427300 ms (FindLiveObjects: 0.503900 ms CreateObjectMapping: 0.330800 ms MarkObjects: 3.459200 ms  DeleteObjects: 0.132000 ms)

AssetImportParameters requested are different than current active one (requested -> active):
  custom:video-decoder-ogg-theora: a1e56fd34408186e4bbccfd4996cb3dc -> 
  custom:container-muxer-webm: aa71ff27fc2769a1b78a27578f13a17b -> 
  custom:container-demuxer-webm: 4f35f7cbe854078d1ac9338744f61a02 -> 
  custom:video-encoder-webm-vp8: eb34c28f22e8b96e1ab97ce403110664 -> 
  custom:audio-encoder-webm-vorbis: bf7c407c2cedff20999df2af8eb42d56 -> 
  custom:framework-win-MediaFoundation: 216162199b28c13a410421893ffa2e32 -> 
  custom:container-demuxer-ogg: 62fdf1f143b41e24485cea50d1cbac27 -> 
  custom:video-decoder-webm-vp8: 9c59270c3fd7afecdb556c50c9e8de78 -> 
  custom:audio-decoder-ogg-vorbis: bf7c407c2cedff20999df2af8eb42d56 -> 
========================================================================
Received Prepare
Registering precompiled user dll's ...
Registered in 0.007217 seconds.
Begin MonoManager ReloadAssembly
Symbol file LoadedFromMemory doesn't match image C:\Users\brian\MetaVerse\Library\PackageCache\com.unity.visualscripting@1.8.0\Editor\VisualScripting.Core\Dependencies\YamlDotNet\Unity.VisualScripting.YamlDotNet.dll
Symbol file LoadedFromMemory doesn't match image C:\Users\brian\MetaVerse\Library\PackageCache\com.unity.visualscripting@1.8.0\Editor\VisualScripting.Core\Dependencies\DotNetZip\Unity.VisualScripting.IonicZip.dll
Native extension for WindowsStandalone target not found
Refreshing native plugins compatible for Editor in 0.76 ms, found 3 plugins.
Preloading 0 native plugins for Editor in 0.00 ms.
Mono: successfully reloaded assembly
- Completed reload, in  1.321 seconds
Domain Reload Profiling:
	ReloadAssembly (1322ms)
		BeginReloadAssembly (163ms)
			ExecutionOrderSort (0ms)
			DisableScriptedObjects (4ms)
			BackupInstance (0ms)
			ReleaseScriptingObjects (0ms)
			CreateAndSetChildDomain (38ms)
		EndReloadAssembly (1047ms)
			LoadAssemblies (128ms)
			RebuildTransferFunctionScriptingTraits (0ms)
			SetupTypeCache (390ms)
			ReleaseScriptCaches (2ms)
			RebuildScriptCaches (63ms)
			SetupLoadedEditorAssemblies (407ms)
				LogAssemblyErrors (0ms)
				InitializePlatformSupportModulesInManaged (8ms)
				SetLoadedEditorAssemblies (1ms)
				RefreshPlugins (1ms)
				BeforeProcessingInitializeOnLoad (86ms)
				ProcessInitializeOnLoadAttributes (272ms)
				ProcessInitializeOnLoadMethodAttributes (27ms)
				AfterProcessingInitializeOnLoad (12ms)
				EditorAssembliesLoaded (0ms)
			ExecutionOrderSort2 (0ms)
			AwakeInstancesAfterBackupRestoration (8ms)
Platform modules already initialized, skipping
Refreshing native plugins compatible for Editor in 3.14 ms, found 3 plugins.
Preloading 0 native plugins for Editor in 0.00 ms.
Unloading 3043 Unused Serialized files (Serialized files now loaded: 0)
Unloading 17 unused Assets / (80.4 KB). Loaded Objects now: 3559.
Memory consumption went from 125.4 MB to 125.3 MB.
Total: 10.328600 ms (FindLiveObjects: 1.183300 ms CreateObjectMapping: 0.988600 ms MarkObjects: 7.826800 ms  DeleteObjects: 0.328200 ms)

AssetImportParameters requested are different than current active one (requested -> active):
  custom:video-decoder-ogg-theora: a1e56fd34408186e4bbccfd4996cb3dc -> 
  custom:container-muxer-webm: aa71ff27fc2769a1b78a27578f13a17b -> 
  custom:container-demuxer-webm: 4f35f7cbe854078d1ac9338744f61a02 -> 
  custom:video-encoder-webm-vp8: eb34c28f22e8b96e1ab97ce403110664 -> 
  custom:audio-encoder-webm-vorbis: bf7c407c2cedff20999df2af8eb42d56 -> 
  custom:framework-win-MediaFoundation: 216162199b28c13a410421893ffa2e32 -> 
  custom:container-demuxer-ogg: 62fdf1f143b41e24485cea50d1cbac27 -> 
  custom:video-decoder-webm-vp8: 9c59270c3fd7afecdb556c50c9e8de78 -> 
  custom:audio-decoder-ogg-vorbis: bf7c407c2cedff20999df2af8eb42d56 -> 
========================================================================
Received Prepare
Registering precompiled user dll's ...
Registered in 0.006809 seconds.
Begin MonoManager ReloadAssembly
Symbol file LoadedFromMemory doesn't match image C:\Users\brian\MetaVerse\Library\PackageCache\com.unity.visualscripting@1.8.0\Editor\VisualScripting.Core\Dependencies\YamlDotNet\Unity.VisualScripting.YamlDotNet.dll
Symbol file LoadedFromMemory doesn't match image C:\Users\brian\MetaVerse\Library\PackageCache\com.unity.visualscripting@1.8.0\Editor\VisualScripting.Core\Dependencies\DotNetZip\Unity.VisualScripting.IonicZip.dll
Native extension for WindowsStandalone target not found
Refreshing native plugins compatible for Editor in 1.26 ms, found 3 plugins.
Preloading 0 native plugins for Editor in 0.00 ms.
Mono: successfully reloaded assembly
- Completed reload, in  1.324 seconds
Domain Reload Profiling:
	ReloadAssembly (1325ms)
		BeginReloadAssembly (162ms)
			ExecutionOrderSort (0ms)
			DisableScriptedObjects (6ms)
			BackupInstance (0ms)
			ReleaseScriptingObjects (0ms)
			CreateAndSetChildDomain (43ms)
		EndReloadAssembly (1055ms)
			LoadAssemblies (109ms)
			RebuildTransferFunctionScriptingTraits (0ms)
			SetupTypeCache (360ms)
			ReleaseScriptCaches (3ms)
			RebuildScriptCaches (59ms)
			SetupLoadedEditorAssemblies (453ms)
				LogAssemblyErrors (0ms)
				InitializePlatformSupportModulesInManaged (8ms)
				SetLoadedEditorAssemblies (1ms)
				RefreshPlugins (1ms)
				BeforeProcessingInitializeOnLoad (98ms)
				ProcessInitializeOnLoadAttributes (303ms)
				ProcessInitializeOnLoadMethodAttributes (31ms)
				AfterProcessingInitializeOnLoad (10ms)
				EditorAssembliesLoaded (0ms)
			ExecutionOrderSort2 (0ms)
			AwakeInstancesAfterBackupRestoration (8ms)
Platform modules already initialized, skipping
Refreshing native plugins compatible for Editor in 2.59 ms, found 3 plugins.
Preloading 0 native plugins for Editor in 0.00 ms.
Unloading 3043 Unused Serialized files (Serialized files now loaded: 0)
Unloading 17 unused Assets / (80.5 KB). Loaded Objects now: 3562.
Memory consumption went from 125.4 MB to 125.3 MB.
Total: 3.839400 ms (FindLiveObjects: 0.331200 ms CreateObjectMapping: 0.141200 ms MarkObjects: 3.216400 ms  DeleteObjects: 0.148500 ms)

AssetImportParameters requested are different than current active one (requested -> active):
  custom:video-decoder-ogg-theora: a1e56fd34408186e4bbccfd4996cb3dc -> 
  custom:container-muxer-webm: aa71ff27fc2769a1b78a27578f13a17b -> 
  custom:container-demuxer-webm: 4f35f7cbe854078d1ac9338744f61a02 -> 
  custom:video-encoder-webm-vp8: eb34c28f22e8b96e1ab97ce403110664 -> 
  custom:audio-encoder-webm-vorbis: bf7c407c2cedff20999df2af8eb42d56 -> 
  custom:framework-win-MediaFoundation: 216162199b28c13a410421893ffa2e32 -> 
  custom:container-demuxer-ogg: 62fdf1f143b41e24485cea50d1cbac27 -> 
  custom:video-decoder-webm-vp8: 9c59270c3fd7afecdb556c50c9e8de78 -> 
  custom:audio-decoder-ogg-vorbis: bf7c407c2cedff20999df2af8eb42d56 -> 
========================================================================
Received Import Request.
  Time since last request: 473.243388 seconds.
  path: Assets/Low_Poly_Mini_Village/Art/Meshes/Water.FBX
  artifactKey: Guid(05fb0f479bb87c44b973ad2bed80b8e9) Importer(815301076,1909f56bfc062723c751e8b465ee728b)
Start importing Assets/Low_Poly_Mini_Village/Art/Meshes/Water.FBX using Guid(05fb0f479bb87c44b973ad2bed80b8e9) Importer(815301076,1909f56bfc062723c751e8b465ee728b)  -> (artifact id: '64a6e6b8097bb2a0b12d54f5cebf3a33') in 0.381543 seconds 
========================================================================
Received Import Request.
  Time since last request: 0.003119 seconds.
  path: Assets/Low_Poly_Mini_Village/Art/Meshes/Ground.FBX
  artifactKey: Guid(0bd8ec2f6ae44d947b7afca8d28f4f46) Importer(815301076,1909f56bfc062723c751e8b465ee728b)
Start importing Assets/Low_Poly_Mini_Village/Art/Meshes/Ground.FBX using Guid(0bd8ec2f6ae44d947b7afca8d28f4f46) Importer(815301076,1909f56bfc062723c751e8b465ee728b)  -> (artifact id: '39e3f12d9ba4870904bd40caada9ed83') in 0.025061 seconds 
========================================================================
Received Import Request.
  Time since last request: 0.007229 seconds.
  path: Assets/Low_Poly_Mini_Village/Art/Meshes/Tree_2.FBX
  artifactKey: Guid(8dc3b60b259818741838a3a03abd5f26) Importer(815301076,1909f56bfc062723c751e8b465ee728b)
Start importing Assets/Low_Poly_Mini_Village/Art/Meshes/Tree_2.FBX using Guid(8dc3b60b259818741838a3a03abd5f26) Importer(815301076,1909f56bfc062723c751e8b465ee728b)  -> (artifact id: 'a71aba18aaca6a78beb8ccf8f9796f57') in 0.018209 seconds 
========================================================================
Received Import Request.
  Time since last request: 0.003713 seconds.
  path: Assets/Low_Poly_Mini_Village/Art/Textures/Grass.png
  artifactKey: Guid(9489cbe966a2799439fc7daf9893d150) Importer(815301076,1909f56bfc062723c751e8b465ee728b)
Start importing Assets/Low_Poly_Mini_Village/Art/Textures/Grass.png using Guid(9489cbe966a2799439fc7daf9893d150) Importer(815301076,1909f56bfc062723c751e8b465ee728b)  -> (artifact id: '52f67f218dda31e6c36c8d0b84182013') in 0.067788 seconds 
========================================================================
Received Import Request.
  Time since last request: 0.002189 seconds.
  path: Assets/Low_Poly_Mini_Village/Art/Meshes/Tree_1.FBX
  artifactKey: Guid(2a0c1a95b47048b4d8303cd11f78a935) Importer(815301076,1909f56bfc062723c751e8b465ee728b)
Start importing Assets/Low_Poly_Mini_Village/Art/Meshes/Tree_1.FBX using Guid(2a0c1a95b47048b4d8303cd11f78a935) Importer(815301076,1909f56bfc062723c751e8b465ee728b)  -> (artifact id: '0dfb25f926eb7435752733642bc772f5') in 0.027354 seconds 
========================================================================
Received Import Request.
  Time since last request: 0.004816 seconds.
  path: Assets/Low_Poly_Mini_Village/Art/Materials/2.mat
  artifactKey: Guid(c6320de8e4a60c14586113b87169e276) Importer(815301076,1909f56bfc062723c751e8b465ee728b)
Start importing Assets/Low_Poly_Mini_Village/Art/Materials/2.mat using Guid(c6320de8e4a60c14586113b87169e276) Importer(815301076,1909f56bfc062723c751e8b465ee728b)  -> (artifact id: 'ddd3804f785e2f3f6de033b3d9585ab5') in 0.112628 seconds 
========================================================================
Received Import Request.
  Time since last request: 0.011075 seconds.
  path: Assets/Low_Poly_Mini_Village/Art/Meshes/Base.FBX
  artifactKey: Guid(19db9f6aa0274504589f46f459949651) Importer(815301076,1909f56bfc062723c751e8b465ee728b)
Start importing Assets/Low_Poly_Mini_Village/Art/Meshes/Base.FBX using Guid(19db9f6aa0274504589f46f459949651) Importer(815301076,1909f56bfc062723c751e8b465ee728b)  -> (artifact id: 'def677b9db074ab38e180450ea09d2c2') in 0.035749 seconds 
========================================================================
Received Import Request.
  Time since last request: 0.000031 seconds.
  path: Assets/Low_Poly_Mini_Village/Skyboxes/Sky2.mat
  artifactKey: Guid(bbe1d6a37b4c5e2409cc5aa8a38b05a4) Importer(815301076,1909f56bfc062723c751e8b465ee728b)
Start importing Assets/Low_Poly_Mini_Village/Skyboxes/Sky2.mat using Guid(bbe1d6a37b4c5e2409cc5aa8a38b05a4) Importer(815301076,1909f56bfc062723c751e8b465ee728b)  -> (artifact id: 'e4a2aa68639423f04104a57ecccb3e1f') in 0.107362 seconds 
========================================================================
Received Import Request.
  Time since last request: 0.001840 seconds.
  path: Assets/Low_Poly_Mini_Village/Art/Meshes/House_1.FBX
  artifactKey: Guid(1a68a99d68aa44444818203ea6391ec7) Importer(815301076,1909f56bfc062723c751e8b465ee728b)
Start importing Assets/Low_Poly_Mini_Village/Art/Meshes/House_1.FBX using Guid(1a68a99d68aa44444818203ea6391ec7) Importer(815301076,1909f56bfc062723c751e8b465ee728b)  -> (artifact id: 'ba81578782f82f631f604f11e356a5e8') in 0.018575 seconds 
========================================================================
Received Import Request.
  Time since last request: 0.007220 seconds.
  path: Assets/Low_Poly_Mini_Village/Art/Meshes/Caravan_1.FBX
  artifactKey: Guid(a894f1a2da70cda4eb4b599e12ad2df9) Importer(815301076,1909f56bfc062723c751e8b465ee728b)
Start importing Assets/Low_Poly_Mini_Village/Art/Meshes/Caravan_1.FBX using Guid(a894f1a2da70cda4eb4b599e12ad2df9) Importer(815301076,1909f56bfc062723c751e8b465ee728b)  -> (artifact id: '2283250a9d339642644228601cf060ad') in 0.060297 seconds 
========================================================================
Received Import Request.
  Time since last request: 0.001266 seconds.
  path: Assets/Low_Poly_Mini_Village/Art/Textures/Texture.png
  artifactKey: Guid(9be368a579962854abcf3f9624d06d1b) Importer(815301076,1909f56bfc062723c751e8b465ee728b)
Start importing Assets/Low_Poly_Mini_Village/Art/Textures/Texture.png using Guid(9be368a579962854abcf3f9624d06d1b) Importer(815301076,1909f56bfc062723c751e8b465ee728b)  -> (artifact id: '0143bbc3da2d7ff5a9b8ff6e32d944f4') in 0.012001 seconds 
========================================================================
Received Import Request.
  Time since last request: 0.002048 seconds.
  path: Assets/Low_Poly_Mini_Village/Art/Meshes/House_3.FBX
  artifactKey: Guid(4a57effc7e9c3944d927e84e82411058) Importer(815301076,1909f56bfc062723c751e8b465ee728b)
Start importing Assets/Low_Poly_Mini_Village/Art/Meshes/House_3.FBX using Guid(4a57effc7e9c3944d927e84e82411058) Importer(815301076,1909f56bfc062723c751e8b465ee728b)  -> (artifact id: 'acdf3b37b22cb8371b5184d1e72f2584') in 0.018444 seconds 
========================================================================
Received Import Request.
  Time since last request: 0.005208 seconds.
  path: Assets/Low_Poly_Mini_Village/Art/Meshes
  artifactKey: Guid(feb8035ec141b7c4b925e259555d624d) Importer(815301076,1909f56bfc062723c751e8b465ee728b)
Start importing Assets/Low_Poly_Mini_Village/Art/Meshes using Guid(feb8035ec141b7c4b925e259555d624d) Importer(815301076,1909f56bfc062723c751e8b465ee728b)  -> (artifact id: '259814b6ee660a47984f87f57f01fed5') in 0.007666 seconds 
========================================================================
Received Import Request.
  Time since last request: 0.012197 seconds.
  path: Assets/Low_Poly_Mini_Village/Art/Materials/Grass.mat
  artifactKey: Guid(868fa0b6b781f074c9ae2b04e2c53a3d) Importer(815301076,1909f56bfc062723c751e8b465ee728b)
Start importing Assets/Low_Poly_Mini_Village/Art/Materials/Grass.mat using Guid(868fa0b6b781f074c9ae2b04e2c53a3d) Importer(815301076,1909f56bfc062723c751e8b465ee728b)  -> (artifact id: '5812976d884ae1d171efb44e295c3507') in 0.189206 seconds 
========================================================================
Received Import Request.
  Time since last request: 0.007202 seconds.
  path: Assets/Low_Poly_Mini_Village/Art/Meshes/Road_sign1.FBX
  artifactKey: Guid(2f8996d1d93bb3546acf714e5c42ad95) Importer(815301076,1909f56bfc062723c751e8b465ee728b)
Start importing Assets/Low_Poly_Mini_Village/Art/Meshes/Road_sign1.FBX using Guid(2f8996d1d93bb3546acf714e5c42ad95) Importer(815301076,1909f56bfc062723c751e8b465ee728b)  -> (artifact id: 'ec15d9a451f0f0ec793a0a00e59a2943') in 0.017224 seconds 
========================================================================
Received Import Request.
  Time since last request: 0.001515 seconds.
  path: Assets/Low_Poly_Mini_Village/Skyboxes/Sky3.mat
  artifactKey: Guid(47cd86021c335854592b2fcf105c3e2c) Importer(815301076,1909f56bfc062723c751e8b465ee728b)
Start importing Assets/Low_Poly_Mini_Village/Skyboxes/Sky3.mat using Guid(47cd86021c335854592b2fcf105c3e2c) Importer(815301076,1909f56bfc062723c751e8b465ee728b)  -> (artifact id: '020bb0708b31b61a40b50f7629abf433') in 0.014828 seconds 
========================================================================
Received Import Request.
  Time since last request: 0.031590 seconds.
  path: Assets/Low_Poly_Mini_Village/Art/Materials/3.mat
  artifactKey: Guid(a302e565754c5264ab7da080db18cd1c) Importer(815301076,1909f56bfc062723c751e8b465ee728b)
Start importing Assets/Low_Poly_Mini_Village/Art/Materials/3.mat using Guid(a302e565754c5264ab7da080db18cd1c) Importer(815301076,1909f56bfc062723c751e8b465ee728b)  -> (artifact id: '8d8587dcc1f4fd09e8592651254db953') in 0.017138 seconds 
========================================================================
Received Import Request.
  Time since last request: 0.000980 seconds.
  path: Assets/Low_Poly_Mini_Village/Art/Textures
  artifactKey: Guid(99eafceb30b22c14fb8d9ee4268785e3) Importer(815301076,1909f56bfc062723c751e8b465ee728b)
Start importing Assets/Low_Poly_Mini_Village/Art/Textures using Guid(99eafceb30b22c14fb8d9ee4268785e3) Importer(815301076,1909f56bfc062723c751e8b465ee728b)  -> (artifact id: '8f74294203f0d080ed9749d05b8e54ff') in 0.006970 seconds 
========================================================================
Received Import Request.
  Time since last request: 0.002704 seconds.
  path: Assets/Low_Poly_Mini_Village/Art/Textures/Gnd.png
  artifactKey: Guid(d8732902c9f48d14ca1023bd189d0b19) Importer(815301076,1909f56bfc062723c751e8b465ee728b)
Start importing Assets/Low_Poly_Mini_Village/Art/Textures/Gnd.png using Guid(d8732902c9f48d14ca1023bd189d0b19) Importer(815301076,1909f56bfc062723c751e8b465ee728b)  -> (artifact id: '97f7830d8f68906301e7aeed50d22d56') in 0.013378 seconds 
========================================================================
Received Import Request.
  Time since last request: 0.002595 seconds.
  path: Assets/Low_Poly_Mini_Village/PostProcessingprofiles
  artifactKey: Guid(e2063275b31123b4385ee503ac11b0c7) Importer(815301076,1909f56bfc062723c751e8b465ee728b)
Start importing Assets/Low_Poly_Mini_Village/PostProcessingprofiles using Guid(e2063275b31123b4385ee503ac11b0c7) Importer(815301076,1909f56bfc062723c751e8b465ee728b)  -> (artifact id: 'efd54ebfa67ab576df9ff2b5b1dd65ac') in 0.005801 seconds 
========================================================================
Received Import Request.
  Time since last request: 0.001325 seconds.
  path: Assets/Low_Poly_Mini_Village/Art/Meshes/Church_1.FBX
  artifactKey: Guid(2efab142ea16dc343808953982735a99) Importer(815301076,1909f56bfc062723c751e8b465ee728b)
Start importing Assets/Low_Poly_Mini_Village/Art/Meshes/Church_1.FBX using Guid(2efab142ea16dc343808953982735a99) Importer(815301076,1909f56bfc062723c751e8b465ee728b)  -> (artifact id: '56e057340e216ed473df2b9f91047bd9') in 0.021953 seconds 
========================================================================
Received Import Request.
  Time since last request: 0.000446 seconds.
  path: Assets/Low_Poly_Mini_Village/Art/Meshes/Wooden_barrel.FBX
  artifactKey: Guid(275150ca8bf91cf44bb41d6c74e19ab0) Importer(815301076,1909f56bfc062723c751e8b465ee728b)
Start importing Assets/Low_Poly_Mini_Village/Art/Meshes/Wooden_barrel.FBX using Guid(275150ca8bf91cf44bb41d6c74e19ab0) Importer(815301076,1909f56bfc062723c751e8b465ee728b)  -> (artifact id: 'ef751797ef61950b88de6bfcf467fe27') in 0.019393 seconds 
========================================================================
Received Import Request.
  Time since last request: 0.024165 seconds.
  path: Assets/Low_Poly_Mini_Village/Demo_scene
  artifactKey: Guid(131b25c1ba219c245ad448a5fa36f0c2) Importer(815301076,1909f56bfc062723c751e8b465ee728b)
Start importing Assets/Low_Poly_Mini_Village/Demo_scene using Guid(131b25c1ba219c245ad448a5fa36f0c2) Importer(815301076,1909f56bfc062723c751e8b465ee728b)  -> (artifact id: 'edc4b8374af93a223a4308548c6fc66d') in 0.010663 seconds 
========================================================================
Received Import Request.
  Time since last request: 0.001208 seconds.
  path: Assets/Low_Poly_Mini_Village/Art/Meshes/Tree_3.FBX
  artifactKey: Guid(107d2ef72a8ce7f4bbcd615de068a379) Importer(815301076,1909f56bfc062723c751e8b465ee728b)
Start importing Assets/Low_Poly_Mini_Village/Art/Meshes/Tree_3.FBX using Guid(107d2ef72a8ce7f4bbcd615de068a379) Importer(815301076,1909f56bfc062723c751e8b465ee728b)  -> (artifact id: '4d14d30963d90d5f30d691309d871002') in 0.229315 seconds 
========================================================================
Received Import Request.
  Time since last request: 0.007328 seconds.
  path: Assets/Low_Poly_Mini_Village/Skyboxes
  artifactKey: Guid(6e9c05e2083356f45b499185ec0d1d4a) Importer(815301076,1909f56bfc062723c751e8b465ee728b)
Start importing Assets/Low_Poly_Mini_Village/Skyboxes using Guid(6e9c05e2083356f45b499185ec0d1d4a) Importer(815301076,1909f56bfc062723c751e8b465ee728b)  -> (artifact id: '290972fd1a89c0c2b15a879cfae20788') in 0.007384 seconds 
========================================================================
Received Import Request.
  Time since last request: 0.015586 seconds.
  path: Assets/Low_Poly_Mini_Village/Art
  artifactKey: Guid(e323da64e80687044ac83870d7d9b0fe) Importer(815301076,1909f56bfc062723c751e8b465ee728b)
Start importing Assets/Low_Poly_Mini_Village/Art using Guid(e323da64e80687044ac83870d7d9b0fe) Importer(815301076,1909f56bfc062723c751e8b465ee728b)  -> (artifact id: '406b8b6b89d675c1eb4b39da3a44d442') in 0.005949 seconds 
========================================================================
Received Import Request.
  Time since last request: 0.000275 seconds.
  path: Assets/Low_Poly_Mini_Village/Art/Materials
  artifactKey: Guid(72f96a97a06dfa64495e01260e47be45) Importer(815301076,1909f56bfc062723c751e8b465ee728b)
Start importing Assets/Low_Poly_Mini_Village/Art/Materials using Guid(72f96a97a06dfa64495e01260e47be45) Importer(815301076,1909f56bfc062723c751e8b465ee728b)  -> (artifact id: 'fb769a27c6cf5065945883dfc2571666') in 0.006344 seconds 
========================================================================
Received Import Request.
  Time since last request: 0.001087 seconds.
  path: Assets/Low_Poly_Mini_Village/Art/Meshes/Materials/05 - Default.mat
  artifactKey: Guid(a8fc20320bc4fac488ce4d0ab1af8432) Importer(815301076,1909f56bfc062723c751e8b465ee728b)
Start importing Assets/Low_Poly_Mini_Village/Art/Meshes/Materials/05 - Default.mat using Guid(a8fc20320bc4fac488ce4d0ab1af8432) Importer(815301076,1909f56bfc062723c751e8b465ee728b)  -> (artifact id: 'ebe15e53b5a284a71ae5811879251948') in 0.014786 seconds 
========================================================================
Received Import Request.
  Time since last request: 0.001550 seconds.
  path: Assets/Scenes/SampleScene.unity
  artifactKey: Guid(9fc0d4010bbf28b4594072e72b8655ab) Importer(815301076,1909f56bfc062723c751e8b465ee728b)
Start importing Assets/Scenes/SampleScene.unity using Guid(9fc0d4010bbf28b4594072e72b8655ab) Importer(815301076,1909f56bfc062723c751e8b465ee728b)  -> (artifact id: 'd4cb0c6b8caf0cc89453bf3dd1e047ba') in 0.008186 seconds 
========================================================================
Received Import Request.
  Time since last request: 0.008503 seconds.
  path: Assets/Low_Poly_Mini_Village/Art/Meshes/House_2.FBX
  artifactKey: Guid(c2b23b792f221a1409aaa4cae01e959f) Importer(815301076,1909f56bfc062723c751e8b465ee728b)
Start importing Assets/Low_Poly_Mini_Village/Art/Meshes/House_2.FBX using Guid(c2b23b792f221a1409aaa4cae01e959f) Importer(815301076,1909f56bfc062723c751e8b465ee728b)  -> (artifact id: '4a42c6276de55b41bd354d543a0e5524') in 0.020269 seconds 
========================================================================
Received Import Request.
  Time since last request: 0.000028 seconds.
  path: Assets/Low_Poly_Mini_Village/Art/Meshes/Materials
  artifactKey: Guid(f3e222c1b69505f4c8ab6e6d4768a87d) Importer(815301076,1909f56bfc062723c751e8b465ee728b)
Start importing Assets/Low_Poly_Mini_Village/Art/Meshes/Materials using Guid(f3e222c1b69505f4c8ab6e6d4768a87d) Importer(815301076,1909f56bfc062723c751e8b465ee728b)  -> (artifact id: 'f9e9097f25690cc5b37d7eaddeadbe35') in 0.002835 seconds 
========================================================================
Received Import Request.
  Time since last request: 0.001131 seconds.
  path: Assets/Low_Poly_Mini_Village/Art/Meshes/Rock_3.FBX
  artifactKey: Guid(9ef95a6cb09d23c428ad9eac181788bd) Importer(815301076,1909f56bfc062723c751e8b465ee728b)
Start importing Assets/Low_Poly_Mini_Village/Art/Meshes/Rock_3.FBX using Guid(9ef95a6cb09d23c428ad9eac181788bd) Importer(815301076,1909f56bfc062723c751e8b465ee728b)  -> (artifact id: 'a7a4fb305e24ab2fbcbe66734aec07f4') in 0.019867 seconds 
========================================================================
Received Import Request.
  Time since last request: 0.000027 seconds.
  path: Assets/Low_Poly_Mini_Village/Art/Meshes/Well1.FBX
  artifactKey: Guid(1abb9f46eeda6e24b8ea3cd9d812bfa6) Importer(815301076,1909f56bfc062723c751e8b465ee728b)
Start importing Assets/Low_Poly_Mini_Village/Art/Meshes/Well1.FBX using Guid(1abb9f46eeda6e24b8ea3cd9d812bfa6) Importer(815301076,1909f56bfc062723c751e8b465ee728b)  -> (artifact id: '3291d127abae66becbbee6788b6446ea') in 0.018226 seconds 
========================================================================
Received Import Request.
  Time since last request: 0.000126 seconds.
  path: Assets/Low_Poly_Mini_Village/PostProcessingprofiles/Profile3.asset
  artifactKey: Guid(6ef1e970ec6e5a2458c2a758a36c11c6) Importer(815301076,1909f56bfc062723c751e8b465ee728b)
Start importing Assets/Low_Poly_Mini_Village/PostProcessingprofiles/Profile3.asset using Guid(6ef1e970ec6e5a2458c2a758a36c11c6) Importer(815301076,1909f56bfc062723c751e8b465ee728b)  -> (artifact id: 'b520b8e3451df47e7dd8e8911bf5bb97') in 0.012303 seconds 
========================================================================
Received Import Request.
  Time since last request: 0.000027 seconds.
  path: Assets/Low_Poly_Mini_Village/Art/Meshes/Materials/Texture.mat
  artifactKey: Guid(59ff4e93215e4f443a55edd3dd5539b9) Importer(815301076,1909f56bfc062723c751e8b465ee728b)
Start importing Assets/Low_Poly_Mini_Village/Art/Meshes/Materials/Texture.mat using Guid(59ff4e93215e4f443a55edd3dd5539b9) Importer(815301076,1909f56bfc062723c751e8b465ee728b)  -> (artifact id: '327153baa4e30c4e84293f8ee5c9a694') in 0.014108 seconds 
========================================================================
Received Import Request.
  Time since last request: 0.001997 seconds.
  path: Assets/Low_Poly_Mini_Village/Art/Meshes/Grass_1.FBX
  artifactKey: Guid(c3702aeb8f0cb824d93495bc4cca9ee8) Importer(815301076,1909f56bfc062723c751e8b465ee728b)
Start importing Assets/Low_Poly_Mini_Village/Art/Meshes/Grass_1.FBX using Guid(c3702aeb8f0cb824d93495bc4cca9ee8) Importer(815301076,1909f56bfc062723c751e8b465ee728b)  -> (artifact id: '6d658c716ca9d20baa1f1fe962c71288') in 0.027446 seconds 
========================================================================
Received Import Request.
  Time since last request: 0.002033 seconds.
  path: Assets/Low_Poly_Mini_Village/Art/Meshes/Grass_3.FBX
  artifactKey: Guid(eee5ad291a303524a8c9c983668125c9) Importer(815301076,1909f56bfc062723c751e8b465ee728b)
Start importing Assets/Low_Poly_Mini_Village/Art/Meshes/Grass_3.FBX using Guid(eee5ad291a303524a8c9c983668125c9) Importer(815301076,1909f56bfc062723c751e8b465ee728b)  -> (artifact id: '7bd48a3bcc44c571221e8f709f944853') in 0.021219 seconds 
========================================================================
Received Import Request.
  Time since last request: 0.000023 seconds.
  path: Assets/Low_Poly_Mini_Village/Art/Meshes/Electric_pole.FBX
  artifactKey: Guid(f00225fe39638eb47bee381a6a368885) Importer(815301076,1909f56bfc062723c751e8b465ee728b)
Start importing Assets/Low_Poly_Mini_Village/Art/Meshes/Electric_pole.FBX using Guid(f00225fe39638eb47bee381a6a368885) Importer(815301076,1909f56bfc062723c751e8b465ee728b)  -> (artifact id: '8edaa1731e6ae604da940233c13db483') in 0.018482 seconds 
========================================================================
Received Import Request.
  Time since last request: 0.000045 seconds.
  path: Assets/Low_Poly_Mini_Village/Art/Meshes/Electric_cable.FBX
  artifactKey: Guid(5be5f9e659fdb0745a2ad6f0c8b0b424) Importer(815301076,1909f56bfc062723c751e8b465ee728b)
Start importing Assets/Low_Poly_Mini_Village/Art/Meshes/Electric_cable.FBX using Guid(5be5f9e659fdb0745a2ad6f0c8b0b424) Importer(815301076,1909f56bfc062723c751e8b465ee728b)  -> (artifact id: 'c7c3ef5abc7a9ae124767b919790fee2') in 0.018786 seconds 
========================================================================
Received Import Request.
  Time since last request: 0.007356 seconds.
  path: Assets/Low_Poly_Mini_Village/PostProcessingprofiles/Profile1.asset
  artifactKey: Guid(7962a2ae4e7f39944a7e739e055a2c42) Importer(815301076,1909f56bfc062723c751e8b465ee728b)
Start importing Assets/Low_Poly_Mini_Village/PostProcessingprofiles/Profile1.asset using Guid(7962a2ae4e7f39944a7e739e055a2c42) Importer(815301076,1909f56bfc062723c751e8b465ee728b)  -> (artifact id: '09bc3431bbd01353106866050bb8b8f8') in 0.009048 seconds 
========================================================================
Received Import Request.
  Time since last request: 0.000025 seconds.
  path: Assets/Low_Poly_Mini_Village/Demo_scene/Demo.unity
  artifactKey: Guid(9281df55f3f96d3469f1b6ed4b26e93d) Importer(815301076,1909f56bfc062723c751e8b465ee728b)
Start importing Assets/Low_Poly_Mini_Village/Demo_scene/Demo.unity using Guid(9281df55f3f96d3469f1b6ed4b26e93d) Importer(815301076,1909f56bfc062723c751e8b465ee728b)  -> (artifact id: '2488fd006a99068e4201c9409433efed') in 0.008036 seconds 
========================================================================
Received Import Request.
  Time since last request: 0.008925 seconds.
  path: Assets/Low_Poly_Mini_Village/Art/Meshes/Rock_2.FBX
  artifactKey: Guid(6fa880df4a27f1e4dbd006fbb31d2bde) Importer(815301076,1909f56bfc062723c751e8b465ee728b)
Start importing Assets/Low_Poly_Mini_Village/Art/Meshes/Rock_2.FBX using Guid(6fa880df4a27f1e4dbd006fbb31d2bde) Importer(815301076,1909f56bfc062723c751e8b465ee728b)  -> (artifact id: 'eba72b90340b863cc7e700717f131025') in 0.020967 seconds 
========================================================================
Received Import Request.
  Time since last request: 0.002706 seconds.
  path: Assets/Low_Poly_Mini_Village/Art/Meshes/Rock_1.FBX
  artifactKey: Guid(fa6a6af42b9ad8648be0e90aa6fa7fa5) Importer(815301076,1909f56bfc062723c751e8b465ee728b)
Start importing Assets/Low_Poly_Mini_Village/Art/Meshes/Rock_1.FBX using Guid(fa6a6af42b9ad8648be0e90aa6fa7fa5) Importer(815301076,1909f56bfc062723c751e8b465ee728b)  -> (artifact id: 'cdfb2982115f25c6166ea39b05712ff2') in 0.017943 seconds 
========================================================================
Received Import Request.
  Time since last request: 0.002164 seconds.
  path: Assets/Low_Poly_Mini_Village/Art/Meshes/Grass_2.FBX
  artifactKey: Guid(091305248b55e4f46b7f3990aee3442c) Importer(815301076,1909f56bfc062723c751e8b465ee728b)
Start importing Assets/Low_Poly_Mini_Village/Art/Meshes/Grass_2.FBX using Guid(091305248b55e4f46b7f3990aee3442c) Importer(815301076,1909f56bfc062723c751e8b465ee728b)  -> (artifact id: 'b81cc86e7edbe0b237d422d918cb85e2') in 0.021285 seconds 
========================================================================
Received Import Request.
  Time since last request: 0.006925 seconds.
  path: Assets/Low_Poly_Mini_Village/Art/Meshes/Wc.FBX
  artifactKey: Guid(5d5f4e5f582747243ac098a56ceb7275) Importer(815301076,1909f56bfc062723c751e8b465ee728b)
Start importing Assets/Low_Poly_Mini_Village/Art/Meshes/Wc.FBX using Guid(5d5f4e5f582747243ac098a56ceb7275) Importer(815301076,1909f56bfc062723c751e8b465ee728b)  -> (artifact id: 'fd43de4157826b69aa162dfc9b5e3a59') in 0.025961 seconds 
========================================================================
Received Import Request.
  Time since last request: 0.002209 seconds.
  path: Assets/Low_Poly_Mini_Village/Art/Materials/1.mat
  artifactKey: Guid(edb3130a1ebb40d4ab78082b0aa98920) Importer(815301076,1909f56bfc062723c751e8b465ee728b)
Start importing Assets/Low_Poly_Mini_Village/Art/Materials/1.mat using Guid(edb3130a1ebb40d4ab78082b0aa98920) Importer(815301076,1909f56bfc062723c751e8b465ee728b)  -> (artifact id: 'e8f24262d1d13f8bfd9d63d0a2a16876') in 0.014150 seconds 
========================================================================
Received Import Request.
  Time since last request: 0.005615 seconds.
  path: Assets/Low_Poly_Mini_Village/PostProcessingprofiles/Profile2.asset
  artifactKey: Guid(649711bd85521a74b9f3d033d3e43218) Importer(815301076,1909f56bfc062723c751e8b465ee728b)
Start importing Assets/Low_Poly_Mini_Village/PostProcessingprofiles/Profile2.asset using Guid(649711bd85521a74b9f3d033d3e43218) Importer(815301076,1909f56bfc062723c751e8b465ee728b)  -> (artifact id: '9b24022516361900a1d2548cb578d9a5') in 0.006764 seconds 
========================================================================
Received Import Request.
  Time since last request: 0.001511 seconds.
  path: Assets/Low_Poly_Mini_Village/Art/Meshes/Rock_4.FBX
  artifactKey: Guid(4dcb02e0710447b43a210be5ba316d8c) Importer(815301076,1909f56bfc062723c751e8b465ee728b)
Start importing Assets/Low_Poly_Mini_Village/Art/Meshes/Rock_4.FBX using Guid(4dcb02e0710447b43a210be5ba316d8c) Importer(815301076,1909f56bfc062723c751e8b465ee728b)  -> (artifact id: 'aee0e4d4ac9e9ff571d017f9d15782e0') in 0.017497 seconds 
========================================================================
Received Import Request.
  Time since last request: 0.001868 seconds.
  path: Assets/Low_Poly_Mini_Village/Skyboxes/Sky1.mat
  artifactKey: Guid(25fd04c0b2420484cab8755e4c426768) Importer(815301076,1909f56bfc062723c751e8b465ee728b)
Start importing Assets/Low_Poly_Mini_Village/Skyboxes/Sky1.mat using Guid(25fd04c0b2420484cab8755e4c426768) Importer(815301076,1909f56bfc062723c751e8b465ee728b)  -> (artifact id: '38b9b7770c3e64dcd10a92f77d0c972c') in 0.014202 seconds 
========================================================================
Received Import Request.
  Time since last request: 0.007061 seconds.
  path: Assets/Low_Poly_Mini_Village/Art/Meshes/Tree_4.FBX
  artifactKey: Guid(5642109bd2b063e4faeb04958a362b1c) Importer(815301076,1909f56bfc062723c751e8b465ee728b)
Start importing Assets/Low_Poly_Mini_Village/Art/Meshes/Tree_4.FBX using Guid(5642109bd2b063e4faeb04958a362b1c) Importer(815301076,1909f56bfc062723c751e8b465ee728b)  -> (artifact id: '37fa5c291fbfe85c652e9a03f9671834') in 0.018049 seconds 
========================================================================
Received Import Request.
  Time since last request: 0.005556 seconds.
  path: Assets/Low_Poly_Mini_Village/Art/Meshes/Materials/Gnd.mat
  artifactKey: Guid(7c5e3bc02abc7a04684d23225a67cd71) Importer(815301076,1909f56bfc062723c751e8b465ee728b)
Start importing Assets/Low_Poly_Mini_Village/Art/Meshes/Materials/Gnd.mat using Guid(7c5e3bc02abc7a04684d23225a67cd71) Importer(815301076,1909f56bfc062723c751e8b465ee728b)  -> (artifact id: 'f44ea9dfb45f2cb174e4179ca8bc1858') in 0.014560 seconds 
========================================================================
Received Import Request.
  Time since last request: 0.001543 seconds.
  path: Assets/sun.cs
  artifactKey: Guid(2e0187b03167a834d94de1c808302244) Importer(815301076,1909f56bfc062723c751e8b465ee728b)
Start importing Assets/sun.cs using Guid(2e0187b03167a834d94de1c808302244) Importer(815301076,1909f56bfc062723c751e8b465ee728b)  -> (artifact id: 'be42a17f279fbe8aaeab5f40f52edd0f') in 0.005663 seconds 
